
kernel:	file format elf64-littleriscv
architecture: riscv64
start address: 0x0000000000011120

Program Header:
    PHDR off    0x0000000000000040 vaddr 0x0000000000010040 paddr 0x0000000000010040 align 2**3
         filesz 0x00000000000000e0 memsz 0x00000000000000e0 flags r--
    LOAD off    0x0000000000000000 vaddr 0x0000000000010000 paddr 0x0000000000010000 align 2**12
         filesz 0x0000000000000120 memsz 0x0000000000000120 flags r--
    LOAD off    0x0000000000000120 vaddr 0x0000000000011120 paddr 0x0000000000011120 align 2**12
         filesz 0x0000000000000004 memsz 0x0000000000000004 flags r-x
   STACK off    0x0000000000000000 vaddr 0x0000000000000000 paddr 0x0000000000000000 align 2**64
         filesz 0x0000000000000000 memsz 0x0000000000000000 flags rw-

Dynamic Section:

Sections:
Idx Name              Size     VMA              Type
  0                   00000000 0000000000000000 
  1 .text             00000004 0000000000011120 TEXT
  2 .debug_abbrev     00000113 0000000000000000 DEBUG
  3 .debug_info       00000542 0000000000000000 DEBUG
  4 .debug_aranges    00000040 0000000000000000 DEBUG
  5 .debug_ranges     00000030 0000000000000000 DEBUG
  6 .debug_str        00000400 0000000000000000 DEBUG
  7 .debug_pubnames   000000bc 0000000000000000 DEBUG
  8 .debug_pubtypes   000002ec 0000000000000000 DEBUG
  9 .riscv.attributes 0000002b 0000000000000000 
 10 .debug_frame      00000050 0000000000000000 DEBUG
 11 .debug_line       00000065 0000000000000000 DEBUG
 12 .comment          00000013 0000000000000000 
 13 .symtab           00000150 0000000000000000 
 14 .shstrtab         000000b7 0000000000000000 
 15 .strtab           0000002d 0000000000000000 

SYMBOL TABLE:
0000000000000000 l    df *ABS*	0000000000000000 5853an1rracpbwqk
0000000000011120 l       .text	0000000000000000 
0000000000011120 l       .text	0000000000000000 
0000000000011120 l       .text	0000000000000000 
0000000000011120 l       .text	0000000000000000 
0000000000011124 l       .text	0000000000000000 
0000000000011124 l       .text	0000000000000000 
0000000000000000 l       .debug_info	0000000000000000 
0000000000000000 l       .debug_line	0000000000000000 .Lline_table_start0
0000000000000000 l       .debug_ranges	0000000000000000 
0000000000011124 l       .text	0000000000000000 
0000000000000000 l       .debug_frame	0000000000000000 
0000000000011120 g     F .text	0000000000000004 _start
